# JRE version: OpenJDK Runtime Environment (8.0_76-b03) (build 1.8.0_76-release-b03)
# Java VM: OpenJDK 64-Bit Server VM (25.76-b03 mixed mode linux-amd64 compressed oops)
Heap:
 PSYoungGen      total 16384K, used 8235K [0x00000000ee400000, 0x00000000ef600000, 0x0000000100000000)
  eden space 14336K, 43% used [0x00000000ee400000,0x00000000eea0bb18,0x00000000ef200000)
  from space 2048K, 99% used [0x00000000ef400000,0x00000000ef5ff340,0x00000000ef600000)
  to   space 2048K, 0% used [0x00000000ef200000,0x00000000ef200000,0x00000000ef400000)
 ParOldGen       total 36864K, used 4487K [0x00000000cac00000, 0x00000000cd000000, 0x00000000ee400000)
  object space 36864K, 12% used [0x00000000cac00000,0x00000000cb061d08,0x00000000cd000000)
 Metaspace       used 11112K, capacity 11265K, committed 11392K, reserved 1058816K
  class space    used 1041K, capacity 1095K, committed 1152K, reserved 1048576K
GC Heap History (4 events):
Event: 4,882 GC heap before
{Heap before GC invocations=1 (full 0):
 PSYoungGen      total 16384K, used 14336K [0x00000000ee400000, 0x00000000ef600000, 0x0000000100000000)
  eden space 14336K, 100% used [0x00000000ee400000,0x00000000ef200000,0x00000000ef200000)
  from space 2048K, 0% used [0x00000000ef400000,0x00000000ef400000,0x00000000ef600000)
  to   space 2048K, 0% used [0x00000000ef200000,0x00000000ef200000,0x00000000ef400000)
 ParOldGen       total 36864K, used 0K [0x00000000cac00000, 0x00000000cd000000, 0x00000000ee400000)
  object space 36864K, 0% used [0x00000000cac00000,0x00000000cac00000,0x00000000cd000000)
 Metaspace       used 9025K, capacity 9211K, committed 9472K, reserved 1058816K
  class space    used 880K, capacity 966K, committed 1024K, reserved 1048576K
Event: 4,903 GC heap after
Heap after GC invocations=1 (full 0):
 PSYoungGen      total 16384K, used 2017K [0x00000000ee400000, 0x00000000ef600000, 0x0000000100000000)
  eden space 14336K, 0% used [0x00000000ee400000,0x00000000ee400000,0x00000000ef200000)
  from space 2048K, 98% used [0x00000000ef200000,0x00000000ef3f87c8,0x00000000ef400000)
  to   space 2048K, 0% used [0x00000000ef400000,0x00000000ef400000,0x00000000ef600000)
 ParOldGen       total 36864K, used 1018K [0x00000000cac00000, 0x00000000cd000000, 0x00000000ee400000)
  object space 36864K, 2% used [0x00000000cac00000,0x00000000cacfea18,0x00000000cd000000)
 Metaspace       used 9025K, capacity 9211K, committed 9472K, reserved 1058816K
  class space    used 880K, capacity 966K, committed 1024K, reserved 1048576K
}
Event: 133,422 GC heap before
{Heap before GC invocations=2 (full 0):
 PSYoungGen      total 16384K, used 16353K [0x00000000ee400000, 0x00000000ef600000, 0x0000000100000000)
  eden space 14336K, 100% used [0x00000000ee400000,0x00000000ef200000,0x00000000ef200000)
  from space 2048K, 98% used [0x00000000ef200000,0x00000000ef3f87c8,0x00000000ef400000)
  to   space 2048K, 0% used [0x00000000ef400000,0x00000000ef400000,0x00000000ef600000)
 ParOldGen       total 36864K, used 1018K [0x00000000cac00000, 0x00000000cd000000, 0x00000000ee400000)
  object space 36864K, 2% used [0x00000000cac00000,0x00000000cacfea18,0x00000000cd000000)
 Metaspace       used 10842K, capacity 11003K, committed 11136K, reserved 1058816K
  class space    used 1024K, capacity 1094K, committed 1152K, reserved 1048576K
Event: 133,444 GC heap after
Heap after GC invocations=2 (full 0):
 PSYoungGen      total 16384K, used 2044K [0x00000000ee400000, 0x00000000ef600000, 0x0000000100000000)
  eden space 14336K, 0% used [0x00000000ee400000,0x00000000ee400000,0x00000000ef200000)
  from space 2048K, 99% used [0x00000000ef400000,0x00000000ef5ff340,0x00000000ef600000)
  to   space 2048K, 0% used [0x00000000ef200000,0x00000000ef200000,0x00000000ef400000)
 ParOldGen       total 36864K, used 4487K [0x00000000cac00000, 0x00000000cd000000, 0x00000000ee400000)
  object space 36864K, 12% used [0x00000000cac00000,0x00000000cb061d08,0x00000000cd000000)
 Metaspace       used 10842K, capacity 11003K, committed 11136K, reserved 1058816K
  class space    used 1024K, capacity 1094K, committed 1152K, reserved 1048576K
}

